<?xml version="1.0" encoding="UTF-8"?>
<testng-results ignored="0" total="3" passed="3" failed="0" skipped="0">
  <reporter-output>
  </reporter-output>
  <suite started-at="2021-05-11T22:45:58 IST" name="Default suite" finished-at="2021-05-11T22:49:41 IST" duration-ms="222979">
    <groups>
    </groups>
    <test started-at="2021-05-11T22:45:58 IST" name="Default test" finished-at="2021-05-11T22:49:41 IST" duration-ms="222979">
      <class name="TestScript.TestScript1">
        <test-method is-config="true" signature="setup()[pri:0, instance:TestScript.TestScript1@7ea9e1e2]" started-at="2021-05-11T22:45:53 IST" name="setup" finished-at="2021-05-11T22:45:58 IST" duration-ms="5551" status="PASS">
          <reporter-output>
          </reporter-output>
        </test-method> <!-- setup -->
        <test-method signature="login()[pri:0, instance:TestScript.TestScript1@7ea9e1e2]" started-at="2021-05-11T22:45:58 IST" name="login" finished-at="2021-05-11T22:47:36 IST" duration-ms="97451" status="PASS">
          <reporter-output>
          </reporter-output>
        </test-method> <!-- login -->
        <test-method is-config="true" signature="result(org.testng.ITestResult)[pri:0, instance:TestScript.TestScript1@7ea9e1e2]" started-at="2021-05-11T22:47:36 IST" name="result" finished-at="2021-05-11T22:47:36 IST" duration-ms="14" status="PASS">
          <params>
            <param index="0">
              <value>
                <![CDATA[[TestResult name=login status=SUCCESS method=TestScript1.login()[pri:0, instance:TestScript.TestScript1@7ea9e1e2] output={null}]]]>
              </value>
            </param>
          </params>
          <reporter-output>
          </reporter-output>
        </test-method> <!-- result -->
        <test-method is-config="true" signature="afterMyMehtod(org.testng.ITestResult)[pri:0, instance:TestScript.TestScript1@7ea9e1e2]" started-at="2021-05-11T22:47:36 IST" name="afterMyMehtod" finished-at="2021-05-11T22:47:36 IST" duration-ms="27" status="PASS">
          <params>
            <param index="0">
              <value>
                <![CDATA[[TestResult name=login status=SUCCESS method=TestScript1.login()[pri:0, instance:TestScript.TestScript1@7ea9e1e2] output={null}]]]>
              </value>
            </param>
          </params>
          <reporter-output>
          </reporter-output>
        </test-method> <!-- afterMyMehtod -->
        <test-method signature="testdata(java.lang.String,java.lang.String,java.lang.String,java.lang.String,java.lang.String,java.lang.String,java.lang.String,java.lang.String,java.lang.String,java.lang.String)[pri:1, instance:TestScript.TestScript1@7ea9e1e2]" started-at="2021-05-11T22:47:37 IST" name="testdata" data-provider="getTestData" finished-at="2021-05-11T22:48:39 IST" duration-ms="62222" status="PASS">
          <params>
            <param index="0">
              <value>
                <![CDATA[Design Issue]]>
              </value>
            </param>
            <param index="1">
              <value>
                <![CDATA[Intern]]>
              </value>
            </param>
            <param index="2">
              <value>
                <![CDATA[Internal]]>
              </value>
            </param>
            <param index="3">
              <value>
                <![CDATA[Design]]>
              </value>
            </param>
            <param index="4">
              <value>
                <![CDATA[Abhishek Yadav]]>
              </value>
            </param>
            <param index="5">
              <value>
                <![CDATA[02-05-2021]]>
              </value>
            </param>
            <param index="6">
              <value>
                <![CDATA[Major]]>
              </value>
            </param>
            <param index="7">
              <value>
                <![CDATA[Critical]]>
              </value>
            </param>
            <param index="8">
              <value>
                <![CDATA[13-05-2021]]>
              </value>
            </param>
            <param index="9">
              <value>
                <![CDATA[AUTO AD-Waterfall WP 1]]>
              </value>
            </param>
          </params>
          <reporter-output>
          </reporter-output>
        </test-method> <!-- testdata -->
        <test-method is-config="true" signature="result(org.testng.ITestResult)[pri:0, instance:TestScript.TestScript1@7ea9e1e2]" started-at="2021-05-11T22:48:39 IST" name="result" finished-at="2021-05-11T22:48:39 IST" duration-ms="1" status="PASS">
          <params>
            <param index="0">
              <value>
                <![CDATA[[TestResult name=testdata status=SUCCESS method=TestScript1.testdata(java.lang.String,java.lang.String,java.lang.String,java.lang.String,java.lang.String,java.lang.String,java.lang.String,java.lang.String,java.lang.String,java.lang.String)[pri:1, instance:TestScript.TestScript1@7ea9e1e2] output={null}]]]>
              </value>
            </param>
          </params>
          <reporter-output>
          </reporter-output>
        </test-method> <!-- result -->
        <test-method is-config="true" signature="afterMyMehtod(org.testng.ITestResult)[pri:0, instance:TestScript.TestScript1@7ea9e1e2]" started-at="2021-05-11T22:48:39 IST" name="afterMyMehtod" finished-at="2021-05-11T22:48:39 IST" duration-ms="2" status="PASS">
          <params>
            <param index="0">
              <value>
                <![CDATA[[TestResult name=testdata status=SUCCESS method=TestScript1.testdata(java.lang.String,java.lang.String,java.lang.String,java.lang.String,java.lang.String,java.lang.String,java.lang.String,java.lang.String,java.lang.String,java.lang.String)[pri:1, instance:TestScript.TestScript1@7ea9e1e2] output={null}]]]>
              </value>
            </param>
          </params>
          <reporter-output>
          </reporter-output>
        </test-method> <!-- afterMyMehtod -->
        <test-method signature="testdata(java.lang.String,java.lang.String,java.lang.String,java.lang.String,java.lang.String,java.lang.String,java.lang.String,java.lang.String,java.lang.String,java.lang.String)[pri:1, instance:TestScript.TestScript1@7ea9e1e2]" started-at="2021-05-11T22:48:39 IST" name="testdata" data-provider="getTestData" finished-at="2021-05-11T22:49:41 IST" duration-ms="62285" status="PASS">
          <params>
            <param index="0">
              <value>
                <![CDATA[Issue for Environment]]>
              </value>
            </param>
            <param index="1">
              <value>
                <![CDATA[Intern]]>
              </value>
            </param>
            <param index="2">
              <value>
                <![CDATA[Internal]]>
              </value>
            </param>
            <param index="3">
              <value>
                <![CDATA[Environment]]>
              </value>
            </param>
            <param index="4">
              <value>
                <![CDATA[Jyoti Singh]]>
              </value>
            </param>
            <param index="5">
              <value>
                <![CDATA[03-05-2021]]>
              </value>
            </param>
            <param index="6">
              <value>
                <![CDATA[Minor]]>
              </value>
            </param>
            <param index="7">
              <value>
                <![CDATA[High]]>
              </value>
            </param>
            <param index="8">
              <value>
                <![CDATA[14-05-2021]]>
              </value>
            </param>
            <param index="9">
              <value>
                <![CDATA[ADwaterfallDeploymentwpkg]]>
              </value>
            </param>
          </params>
          <reporter-output>
          </reporter-output>
        </test-method> <!-- testdata -->
        <test-method is-config="true" signature="afterMyMehtod(org.testng.ITestResult)[pri:0, instance:TestScript.TestScript1@7ea9e1e2]" started-at="2021-05-11T22:49:41 IST" name="afterMyMehtod" finished-at="2021-05-11T22:49:41 IST" duration-ms="2" status="PASS">
          <params>
            <param index="0">
              <value>
                <![CDATA[[TestResult name=testdata status=SUCCESS method=TestScript1.testdata(java.lang.String,java.lang.String,java.lang.String,java.lang.String,java.lang.String,java.lang.String,java.lang.String,java.lang.String,java.lang.String,java.lang.String)[pri:1, instance:TestScript.TestScript1@7ea9e1e2] output={null}]]]>
              </value>
            </param>
          </params>
          <reporter-output>
          </reporter-output>
        </test-method> <!-- afterMyMehtod -->
        <test-method is-config="true" signature="result(org.testng.ITestResult)[pri:0, instance:TestScript.TestScript1@7ea9e1e2]" started-at="2021-05-11T22:49:41 IST" name="result" finished-at="2021-05-11T22:49:41 IST" duration-ms="0" status="PASS">
          <params>
            <param index="0">
              <value>
                <![CDATA[[TestResult name=testdata status=SUCCESS method=TestScript1.testdata(java.lang.String,java.lang.String,java.lang.String,java.lang.String,java.lang.String,java.lang.String,java.lang.String,java.lang.String,java.lang.String,java.lang.String)[pri:1, instance:TestScript.TestScript1@7ea9e1e2] output={null}]]]>
              </value>
            </param>
          </params>
          <reporter-output>
          </reporter-output>
        </test-method> <!-- result -->
        <test-method is-config="true" signature="close()[pri:0, instance:TestScript.TestScript1@7ea9e1e2]" started-at="2021-05-11T22:49:41 IST" name="close" finished-at="2021-05-11T22:49:42 IST" duration-ms="641" status="PASS">
          <reporter-output>
          </reporter-output>
        </test-method> <!-- close -->
      </class> <!-- TestScript.TestScript1 -->
    </test> <!-- Default test -->
  </suite> <!-- Default suite -->
</testng-results>
