<?xml version="1.0" encoding="UTF-8"?>
<!-- Generated by org.testng.reporters.JUnitXMLReporter -->
<testsuite ignored="0" hostname="LAPTOP-5JVJ9UUP" failures="0" tests="3" name="Default test" time="222.979" errors="0" timestamp="2021-05-11T22:49:41 IST">
  <testcase classname="TestScript.TestScript1" name="login" time="97.451"/>
  <testcase classname="TestScript.TestScript1" name="testdata" time="62.222"/>
  <testcase classname="TestScript.TestScript1" name="testdata" time="62.285"/>
</testsuite> <!-- Default test -->
